  소스의 유효성을 검사하는 중
  소스를 '192.168.10.188'(으)로 원격으로 복사하는 중
  아키텍처의 유효성을 검사하는 중
  아키텍처의 유효성을 검사하는 중
  원격 빌드를 시작하는 중
  소스를 컴파일하는 중:
  main.cpp
C:\Users\onnet\source\repos\Server8.13\Server8.13\main.cpp(48,32): warning : deprecated conversion from string constant to ‘char*’ [-Wwrite-strings]
C:\Users\onnet\source\repos\Server8.13\Server8.13\main.cpp(48,32): warning :    error_handling("bind() error");
C:\Users\onnet\source\repos\Server8.13\Server8.13\main.cpp(48,32): warning :                                 ^
C:\Users\onnet\source\repos\Server8.13\Server8.13\main.cpp(50,34): warning : deprecated conversion from string constant to ‘char*’ [-Wwrite-strings]
C:\Users\onnet\source\repos\Server8.13\Server8.13\main.cpp(50,34): warning :    error_handling("listen() error");
C:\Users\onnet\source\repos\Server8.13\Server8.13\main.cpp(50,34): warning :                                   ^
C:\Users\onnet\source\repos\Server8.13\Server8.13\main.cpp(85,55): warning : conversion to ‘int’ from ‘ssize_t {aka long int}’ may alter its value [-Wconversion]
C:\Users\onnet\source\repos\Server8.13\Server8.13\main.cpp(85,55): warning :      str_len = read(ep_events[i].data.fd, buf, BUF_SIZE);
C:\Users\onnet\source\repos\Server8.13\Server8.13\main.cpp(85,55): warning :                                                        ^
C:\Users\onnet\source\repos\Server8.13\Server8.13\main.cpp(29,6): warning : unused variable ‘fd_number’ [-Wunused-variable]
C:\Users\onnet\source\repos\Server8.13\Server8.13\main.cpp(29,6): warning :   int fd_number = 0;
C:\Users\onnet\source\repos\Server8.13\Server8.13\main.cpp(29,6): warning :       ^
C:\Users\onnet\source\repos\Server8.13\Server8.13\main.cpp(30,6): warning : unused variable ‘count’ [-Wunused-variable]
C:\Users\onnet\source\repos\Server8.13\Server8.13\main.cpp(30,6): warning :   int count = 0;
C:\Users\onnet\source\repos\Server8.13\Server8.13\main.cpp(30,6): warning :       ^
C:\Users\onnet\source\repos\Server8.13\Server8.13\main.cpp(57,6): warning : unused variable ‘test’ [-Wunused-variable]
C:\Users\onnet\source\repos\Server8.13\Server8.13\main.cpp(57,6): warning :   int test = epoll_ctl(epfd, EPOLL_CTL_ADD, serv_sock, &event); //epoll에 서버 소켓 파일 디스크립터 추가
C:\Users\onnet\source\repos\Server8.13\Server8.13\main.cpp(57,6): warning :       ^
  개체를 연결하는 중
  Server8.13.vcxproj -> C:\Users\onnet\source\repos\Server8.13\Server8.13\bin\x64\Debug\Server8.13.out
